[debug] [2026-05-25T11:43:03.968Z] ----------------------------------------------------------------------
[debug] [2026-05-25T11:43:03.972Z] Command:       C:\Program Files\nodejs\node.exe C:\Users\Daniel\AppData\Roaming\npm\node_modules\firebase-tools\lib\bin\firebase.js init
[debug] [2026-05-25T11:43:03.972Z] CLI Version:   15.18.0
[debug] [2026-05-25T11:43:03.972Z] Platform:      win32
[debug] [2026-05-25T11:43:03.972Z] Node Version:  v24.15.0
[debug] [2026-05-25T11:43:03.973Z] Time:          Mon May 25 2026 13:43:03 GMT+0200 (hora de verano de Europa central)
[debug] [2026-05-25T11:43:03.973Z] ----------------------------------------------------------------------
[debug] 
[debug] [2026-05-25T11:43:03.976Z] >>> [apiv2][query] GET https://firebase-public.firebaseio.com/cli.json [none]
[info] 
     ######## #### ########  ######## ########     ###     ######  ########
     ##        ##  ##     ## ##       ##     ##  ##   ##  ##       ##
     ######    ##  ########  ######   ########  #########  ######  ######
     ##        ##  ##    ##  ##       ##     ## ##     ##       ## ##
     ##       #### ##     ## ######## ########  ##     ##  ######  ########

You're about to initialize a Firebase project in this directory:

  C:\Users\Daniel\repositorios\personal\factoria\f5-movie-app

[debug] [2026-05-25T11:43:07.336Z] <<< [apiv2][status] GET https://firebase-public.firebaseio.com/cli.json 200
[debug] [2026-05-25T11:43:07.337Z] <<< [apiv2][body] GET https://firebase-public.firebaseio.com/cli.json {"cloudBuildErrorAfter":1594252800000,"cloudBuildWarnAfter":1590019200000,"defaultNode10After":1594252800000,"minVersion":"3.0.5","node8DeploysDisabledAfter":1613390400000,"node8RuntimeDisabledAfter":1615809600000,"node8WarnAfter":1600128000000}
[info] 
=== Project Setup
[info] 
[info] First, let's associate this project directory with a Firebase project.
[info] You can create multiple project aliases by running firebase use --add, 
[info] 
[debug] [2026-05-25T11:44:20.066Z] > command requires scopes: ["email","openid","https://www.googleapis.com/auth/cloudplatformprojects.readonly","https://www.googleapis.com/auth/firebase","https://www.googleapis.com/auth/cloud-platform"]
[debug] [2026-05-25T11:44:20.067Z] > authorizing via signed-in user (danielmolina956@gmail.com)
[debug] [2026-05-25T11:44:20.068Z] Checked if tokens are valid: false, expires at: 1779401815193
[debug] [2026-05-25T11:44:20.068Z] Checked if tokens are valid: false, expires at: 1779401815193
[debug] [2026-05-25T11:44:20.068Z] > refreshing access token with scopes: []
[debug] [2026-05-25T11:44:20.069Z] >>> [apiv2][query] POST https://www.googleapis.com/oauth2/v3/token [none]
[debug] [2026-05-25T11:44:20.070Z] >>> [apiv2][body] POST https://www.googleapis.com/oauth2/v3/token [omitted]
[debug] [2026-05-25T11:44:20.210Z] <<< [apiv2][status] POST https://www.googleapis.com/oauth2/v3/token 200
[debug] [2026-05-25T11:44:20.210Z] <<< [apiv2][body] POST https://www.googleapis.com/oauth2/v3/token [omitted]
[debug] [2026-05-25T11:44:20.219Z] >>> [apiv2][query] GET https://firebase.googleapis.com/v1beta1/projects pageSize=100
[debug] [2026-05-25T11:44:20.802Z] <<< [apiv2][status] GET https://firebase.googleapis.com/v1beta1/projects 200
[debug] [2026-05-25T11:44:20.802Z] <<< [apiv2][body] GET https://firebase.googleapis.com/v1beta1/projects [omitted]
[info] 
=== Hosting Setup
[debug] [2026-05-25T11:44:43.474Z] Checked if tokens are valid: true, expires at: 1779713059210
[debug] [2026-05-25T11:44:43.474Z] Checked if tokens are valid: true, expires at: 1779713059210
[debug] [2026-05-25T11:44:43.475Z] >>> [apiv2][query] GET https://firebase.googleapis.com/v1beta1/projects/f5-movie-app [none]
[debug] [2026-05-25T11:44:44.035Z] <<< [apiv2][status] GET https://firebase.googleapis.com/v1beta1/projects/f5-movie-app 200
[debug] [2026-05-25T11:44:44.036Z] <<< [apiv2][body] GET https://firebase.googleapis.com/v1beta1/projects/f5-movie-app {"projectId":"f5-movie-app","projectNumber":"690400021821","displayName":"f5-movie-app","name":"projects/f5-movie-app","resources":{"hostingSite":"f5-movie-app"},"state":"ACTIVE","etag":"1_302fed30-16af-4686-88fa-627ce37597b4"}
[info] 
[info] Your public directory is the folder (relative to your project directory) that
[info] will contain Hosting assets to be uploaded with firebase deploy. If you
[info] have a build process for your assets, use your build's output directory.
[info] 
[info] 
[info] i  Detected a .git folder at C:\Users\Daniel\repositorios\personal\factoria\f5-movie-app 
[info] i  Authorizing with GitHub to upload your service account to a GitHub repository's secrets store. 
[info] 
[info] Visit this URL on this device to log in:
[info] https://github.com/login/oauth/authorize?client_id=89cf50f02ac6aaed3484&state=214254566&redirect_uri=http%3A%2F%2Flocalhost%3A9005&scope=read%3Auser%20repo%20public_repo
[info] 
[info] Waiting for authentication...
[debug] [2026-05-25T11:57:13.358Z] >>> [apiv2][query] POST https://github.com/login/oauth/access_token [none]
[debug] [2026-05-25T11:57:13.358Z] >>> [apiv2][body] POST https://github.com/login/oauth/access_token [stream]
[debug] [2026-05-25T11:57:13.706Z] <<< [apiv2][status] POST https://github.com/login/oauth/access_token 200
[debug] [2026-05-25T11:57:13.706Z] <<< [apiv2][body] POST https://github.com/login/oauth/access_token {"access_token":"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","token_type":"bearer","scope":"read:user,repo"}
[debug] [2026-05-25T11:57:13.709Z] >>> [apiv2][query] GET https://api.github.com/user [none]
[debug] [2026-05-25T11:57:14.082Z] <<< [apiv2][status] GET https://api.github.com/user 200
[debug] [2026-05-25T11:57:14.082Z] <<< [apiv2][body] GET https://api.github.com/user {"login":"danielPalmera","id":33131251,"node_id":"MDQ6VXNlcjMzMTMxMjUx","avatar_url":"https://avatars.githubusercontent.com/u/33131251?v=4","gravatar_id":"","url":"https://api.github.com/users/danielPalmera","html_url":"https://github.com/danielPalmera","followers_url":"https://api.github.com/users/danielPalmera/followers","following_url":"https://api.github.com/users/danielPalmera/following{/other_user}","gists_url":"https://api.github.com/users/danielPalmera/gists{/gist_id}","starred_url":"https://api.github.com/users/danielPalmera/starred{/owner}{/repo}","subscriptions_url":"https://api.github.com/users/danielPalmera/subscriptions","organizations_url":"https://api.github.com/users/danielPalmera/orgs","repos_url":"https://api.github.com/users/danielPalmera/repos","events_url":"https://api.github.com/users/danielPalmera/events{/privacy}","received_events_url":"https://api.github.com/users/danielPalmera/received_events","type":"User","user_view_type":"private","site_admin":false,"name":"Daniel Molina","company":null,"blog":"","location":null,"email":null,"hireable":null,"bio":null,"twitter_username":null,"notification_email":null,"public_repos":36,"public_gists":0,"followers":0,"following":1,"created_at":"2017-10-26T16:50:31Z","updated_at":"2026-04-27T19:13:58Z","private_gists":0,"total_private_repos":33,"owned_private_repos":33,"disk_usage":1075861,"collaborators":0,"two_factor_authentication":false,"plan":{"name":"free","space":976562499,"collaborators":0,"private_repos":10000}}
[info] 
[info] +  Success! Logged into GitHub as danielPalmera 
[info] 
[debug] [2026-05-25T11:57:57.492Z] >>> [apiv2][query] GET https://api.github.com/repos//actions/secrets/public-key type=owner
[debug] [2026-05-25T11:57:57.738Z] <<< [apiv2][status] GET https://api.github.com/repos//actions/secrets/public-key 404
[debug] [2026-05-25T11:57:57.738Z] <<< [apiv2][body] GET https://api.github.com/repos//actions/secrets/public-key {"message":"Not Found","documentation_url":"https://docs.github.com/rest","status":"404"}
[info] 
[info] 
[error] !  The provided authorization cannot be used with this repository. If this repository is in an organization, did you remember to grant access? 
[info] 
[info] i  Action required: Visit this URL to ensure access has been granted to the appropriate organization(s) for the Firebase CLI GitHub OAuth App: 
[info] https://github.com/settings/connections/applications/89cf50f02ac6aaed3484
[info] 
[debug] [2026-05-25T11:58:09.332Z] ExitPromptError: User force closed the prompt with SIGINT
    at Interface.sigint (C:\Users\Daniel\AppData\Roaming\npm\node_modules\firebase-tools\node_modules\@inquirer\core\dist\commonjs\lib\create-prompt.js:101:37)
    at Interface.emit (node:events:509:28)
    at [_ttyWrite] [as _ttyWrite] (node:internal/readline/interface:1327:18)
    at ReadStream.onkeypress (node:internal/readline/interface:284:20)
    at ReadStream.emit (node:events:521:24)
    at emitKeys (node:internal/readline/utils:371:14)
    at emitKeys.next (<anonymous>)
    at ReadStream.onData (node:internal/readline/emitKeypressEvents:64:36)
    at ReadStream.emit (node:events:509:28)
    at addChunk (node:internal/streams/readable:563:12)
[error] 
[error] Error: An unexpected error has occurred.
[debug] [2026-05-25T11:58:17.877Z] ----------------------------------------------------------------------
[debug] [2026-05-25T11:58:17.882Z] Command:       C:\Program Files\nodejs\node.exe C:\Users\Daniel\AppData\Roaming\npm\node_modules\firebase-tools\lib\bin\firebase.js init
[debug] [2026-05-25T11:58:17.883Z] CLI Version:   15.18.0
[debug] [2026-05-25T11:58:17.883Z] Platform:      win32
[debug] [2026-05-25T11:58:17.883Z] Node Version:  v24.15.0
[debug] [2026-05-25T11:58:17.883Z] Time:          Mon May 25 2026 13:58:17 GMT+0200 (hora de verano de Europa central)
[debug] [2026-05-25T11:58:17.883Z] ----------------------------------------------------------------------
[debug] 
[info] 
     ######## #### ########  ######## ########     ###     ######  ########
     ##        ##  ##     ## ##       ##     ##  ##   ##  ##       ##
     ######    ##  ########  ######   ########  #########  ######  ######
     ##        ##  ##    ##  ##       ##     ## ##     ##       ## ##
     ##       #### ##     ## ######## ########  ##     ##  ######  ########

You're about to initialize a Firebase project in this directory:

  C:\Users\Daniel\repositorios\personal\factoria\f5-movie-app

[info] 
=== Project Setup
[info] 
[info] First, let's associate this project directory with a Firebase project.
[info] You can create multiple project aliases by running firebase use --add, 
[info] 
[debug] [2026-05-25T11:58:31.890Z] > command requires scopes: ["email","openid","https://www.googleapis.com/auth/cloudplatformprojects.readonly","https://www.googleapis.com/auth/firebase","https://www.googleapis.com/auth/cloud-platform"]
[debug] [2026-05-25T11:58:31.890Z] > authorizing via signed-in user (danielmolina956@gmail.com)
[debug] [2026-05-25T11:58:31.891Z] Checked if tokens are valid: true, expires at: 1779713059210
[debug] [2026-05-25T11:58:31.891Z] Checked if tokens are valid: true, expires at: 1779713059210
[debug] [2026-05-25T11:58:31.894Z] >>> [apiv2][query] GET https://firebase.googleapis.com/v1beta1/projects/f5-movie-app [none]
[debug] [2026-05-25T11:58:32.365Z] <<< [apiv2][status] GET https://firebase.googleapis.com/v1beta1/projects/f5-movie-app 200
[debug] [2026-05-25T11:58:32.366Z] <<< [apiv2][body] GET https://firebase.googleapis.com/v1beta1/projects/f5-movie-app {"projectId":"f5-movie-app","projectNumber":"690400021821","displayName":"f5-movie-app","name":"projects/f5-movie-app","resources":{"hostingSite":"f5-movie-app"},"state":"ACTIVE","etag":"1_302fed30-16af-4686-88fa-627ce37597b4"}
[info] i  Using project f5-movie-app (f5-movie-app) . 
[info] 
=== Hosting Setup
[debug] [2026-05-25T11:58:47.344Z] Checked if tokens are valid: true, expires at: 1779713059210
[debug] [2026-05-25T11:58:47.344Z] Checked if tokens are valid: true, expires at: 1779713059210
[debug] [2026-05-25T11:58:47.344Z] >>> [apiv2][query] GET https://firebase.googleapis.com/v1beta1/projects/f5-movie-app [none]
[debug] [2026-05-25T11:58:47.811Z] <<< [apiv2][status] GET https://firebase.googleapis.com/v1beta1/projects/f5-movie-app 200
[debug] [2026-05-25T11:58:47.811Z] <<< [apiv2][body] GET https://firebase.googleapis.com/v1beta1/projects/f5-movie-app {"projectId":"f5-movie-app","projectNumber":"690400021821","displayName":"f5-movie-app","name":"projects/f5-movie-app","resources":{"hostingSite":"f5-movie-app"},"state":"ACTIVE","etag":"1_302fed30-16af-4686-88fa-627ce37597b4"}
[info] 
[info] Your public directory is the folder (relative to your project directory) that
[info] will contain Hosting assets to be uploaded with firebase deploy. If you
[info] have a build process for your assets, use your build's output directory.
[info] 
[info] 
[info] i  Detected a .git folder at C:\Users\Daniel\repositorios\personal\factoria\f5-movie-app 
[info] i  Authorizing with GitHub to upload your service account to a GitHub repository's secrets store. 
[info] 
[info] Visit this URL on this device to log in:
[info] https://github.com/login/oauth/authorize?client_id=89cf50f02ac6aaed3484&state=656580687&redirect_uri=http%3A%2F%2Flocalhost%3A9005&scope=read%3Auser%20repo%20public_repo
[info] 
[info] Waiting for authentication...
[debug] [2026-05-25T12:00:19.265Z] >>> [apiv2][query] POST https://github.com/login/oauth/access_token [none]
[debug] [2026-05-25T12:00:19.266Z] >>> [apiv2][body] POST https://github.com/login/oauth/access_token [stream]
[debug] [2026-05-25T12:00:19.636Z] <<< [apiv2][status] POST https://github.com/login/oauth/access_token 200
[debug] [2026-05-25T12:00:19.636Z] <<< [apiv2][body] POST https://github.com/login/oauth/access_token {"access_token":"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","token_type":"bearer","scope":"read:user,repo"}
[debug] [2026-05-25T12:00:19.639Z] >>> [apiv2][query] GET https://api.github.com/user [none]
[debug] [2026-05-25T12:00:20.045Z] <<< [apiv2][status] GET https://api.github.com/user 200
[debug] [2026-05-25T12:00:20.046Z] <<< [apiv2][body] GET https://api.github.com/user {"login":"danielPalmera","id":33131251,"node_id":"MDQ6VXNlcjMzMTMxMjUx","avatar_url":"https://avatars.githubusercontent.com/u/33131251?v=4","gravatar_id":"","url":"https://api.github.com/users/danielPalmera","html_url":"https://github.com/danielPalmera","followers_url":"https://api.github.com/users/danielPalmera/followers","following_url":"https://api.github.com/users/danielPalmera/following{/other_user}","gists_url":"https://api.github.com/users/danielPalmera/gists{/gist_id}","starred_url":"https://api.github.com/users/danielPalmera/starred{/owner}{/repo}","subscriptions_url":"https://api.github.com/users/danielPalmera/subscriptions","organizations_url":"https://api.github.com/users/danielPalmera/orgs","repos_url":"https://api.github.com/users/danielPalmera/repos","events_url":"https://api.github.com/users/danielPalmera/events{/privacy}","received_events_url":"https://api.github.com/users/danielPalmera/received_events","type":"User","user_view_type":"private","site_admin":false,"name":"Daniel Molina","company":null,"blog":"","location":null,"email":null,"hireable":null,"bio":null,"twitter_username":null,"notification_email":null,"public_repos":36,"public_gists":0,"followers":0,"following":1,"created_at":"2017-10-26T16:50:31Z","updated_at":"2026-04-27T19:13:58Z","private_gists":0,"total_private_repos":33,"owned_private_repos":33,"disk_usage":1075861,"collaborators":0,"two_factor_authentication":false,"plan":{"name":"free","space":976562499,"collaborators":0,"private_repos":10000}}
[info] 
[info] +  Success! Logged into GitHub as danielPalmera 
[info] 
